<?xml version="1.0" encoding="UTF-8"?>
<!-- Generated by org.testng.reporters.JUnitXMLReporter -->
<testsuite ignored="0" hostname="INDLAPTOP0258" failures="0" tests="3" name="Default test" time="21.096" errors="0" timestamp="2023-05-13T19:05:33 IST">
  <testcase classname="pacakge2.DataProvidergoogle" name="Googlesearch" time="9.804"/>
  <testcase classname="pacakge2.DataProvidergoogle" name="Googlesearch" time="5.538"/>
  <testcase classname="pacakge2.DataProvidergoogle" name="Googlesearch" time="5.638"/>
</testsuite> <!-- Default test -->
