<?xml version="1.0" encoding="UTF-8"?>
<!-- Generated by org.testng.reporters.JUnitXMLReporter -->
<testsuite ignored="2" hostname="INDLAPTOP0258" failures="0" tests="3" name="Test" time="0.143" errors="0" timestamp="2023-05-08T21:26:41 IST">
  <testcase classname="pacakge2.GroupAttributes" name="KPIT" time="0.017"/>
  <testcase classname="pacakge2.GroupAttributes" name="Wipro" time="0.004"/>
  <testcase classname="pacakge2.GroupAttributes" name="infosys" time="0.007"/>
  <testcase classname="pacakge2.GroupAttributes" name="TataMotor" time="0.0">
    <ignored/>
  </testcase> <!-- TataMotor -->
  <testcase classname="pacakge2.GroupAttributes" name="Maruti" time="0.0">
    <ignored/>
  </testcase> <!-- Maruti -->
</testsuite> <!-- Test -->
