<?xml version="1.0" encoding="UTF-8"?>
<!-- Generated by org.testng.reporters.JUnitXMLReporter -->
<testsuite ignored="0" hostname="INDLAPTOP0258" failures="0" tests="3" name="Test1" time="0.154" errors="0" timestamp="2023-05-11T10:19:48 IST">
  <testcase classname="Praatices.TestNgParameterDemo" name="add" time="0.023"/>
  <testcase classname="Praatices.TestNgParameterDemo" name="multiply" time="0.003"/>
  <testcase classname="Praatices.TestNgParameterDemo" name="substraction" time="0.003"/>
</testsuite> <!-- Test1 -->
