<?xml version="1.0" encoding="UTF-8"?>
<!-- Generated by org.testng.reporters.JUnitXMLReporter -->
<testsuite ignored="0" hostname="INDLAPTOP0258" failures="0" tests="3" name="Test" time="0.168" errors="0" timestamp="2023-05-13T18:21:00 IST">
  <testcase classname="Praatices.DifferentclassDataP" name="logintest" time="0.014"/>
  <testcase classname="Praatices.DifferentclassDataP" name="logintest" time="0.003"/>
  <testcase classname="Praatices.DifferentclassDataP" name="logintest" time="0.009"/>
</testsuite> <!-- Test -->
