<?xml version="1.0" encoding="UTF-8"?>
<testng-results ignored="0" total="3" passed="3" failed="0" skipped="0">
  <reporter-output>
  </reporter-output>
  <suite started-at="2023-05-13T19:05:12 IST" name="Default suite" finished-at="2023-05-13T19:05:33 IST" duration-ms="21096">
    <groups>
    </groups>
    <test started-at="2023-05-13T19:05:12 IST" name="Default test" finished-at="2023-05-13T19:05:33 IST" duration-ms="21096">
      <class name="pacakge2.DataProvidergoogle">
        <test-method signature="Googlesearch(java.lang.String,java.lang.String)[pri:0, instance:pacakge2.DataProvidergoogle@791f145a]" started-at="2023-05-13T19:05:12 IST" name="Googlesearch" data-provider="searchDataset" finished-at="2023-05-13T19:05:21 IST" duration-ms="9804" status="PASS">
          <params>
            <param index="0">
              <value>
                <![CDATA[India]]>
              </value>
            </param>
            <param index="1">
              <value>
                <![CDATA[Qutub Minar]]>
              </value>
            </param>
          </params>
          <reporter-output>
          </reporter-output>
        </test-method> <!-- Googlesearch -->
        <test-method signature="Googlesearch(java.lang.String,java.lang.String)[pri:0, instance:pacakge2.DataProvidergoogle@791f145a]" started-at="2023-05-13T19:05:21 IST" name="Googlesearch" data-provider="searchDataset" finished-at="2023-05-13T19:05:27 IST" duration-ms="5538" status="PASS">
          <params>
            <param index="0">
              <value>
                <![CDATA[Agar]]>
              </value>
            </param>
            <param index="1">
              <value>
                <![CDATA[Taj Mahal]]>
              </value>
            </param>
          </params>
          <reporter-output>
          </reporter-output>
        </test-method> <!-- Googlesearch -->
        <test-method signature="Googlesearch(java.lang.String,java.lang.String)[pri:0, instance:pacakge2.DataProvidergoogle@791f145a]" started-at="2023-05-13T19:05:27 IST" name="Googlesearch" data-provider="searchDataset" finished-at="2023-05-13T19:05:33 IST" duration-ms="5638" status="PASS">
          <params>
            <param index="0">
              <value>
                <![CDATA[hyderabad]]>
              </value>
            </param>
            <param index="1">
              <value>
                <![CDATA[Charminar]]>
              </value>
            </param>
          </params>
          <reporter-output>
          </reporter-output>
        </test-method> <!-- Googlesearch -->
      </class> <!-- pacakge2.DataProvidergoogle -->
    </test> <!-- Default test -->
  </suite> <!-- Default suite -->
</testng-results>
